<?xml version="1.0" encoding="UTF-8"?>
<!-- Generated by org.testng.reporters.JUnitReportReporter -->
<testsuite hostname="DESKTOP-4GR1QTA" failures="0" tests="1" name="RestAssuredScripts.SSLAuthentucation" time="3.148" errors="0" timestamp="2023-12-19T10:59:29 IST" skipped="0">
  <testcase classname="RestAssuredScripts.SSLAuthentucation" name="SSL_Authentication" time="3.148"/>
  <system-out/>
</testsuite> <!-- RestAssuredScripts.SSLAuthentucation -->
