<?xml version="1.0" encoding="UTF-8"?>
<!-- Generated by org.testng.reporters.JUnitReportReporter -->
<testsuite hostname="DESKTOP-4GR1QTA" failures="0" tests="1" name="SLProject.PUTDemo" time="3.641" errors="0" timestamp="2023-12-19T15:03:53 IST" skipped="0">
  <testcase classname="SLProject.PUTDemo" name="createResource" time="3.641"/>
  <system-out/>
</testsuite> <!-- SLProject.PUTDemo -->
