<?xml version="1.0" encoding="UTF-8"?>
<!-- Generated by org.testng.reporters.JUnitReportReporter -->
<testsuite hostname="DESKTOP-4GR1QTA" failures="0" tests="2" name="courseEndProject.AssignmentDemo2" time="6.239" errors="0" timestamp="2023-12-19T15:13:06 IST" skipped="0">
  <testcase classname="courseEndProject.AssignmentDemo2" name="assignment002Post" time="4.643"/>
  <system-out/>
  <testcase classname="courseEndProject.AssignmentDemo2" name="assignment002Put" time="1.596"/>
  <system-out/>
</testsuite> <!-- courseEndProject.AssignmentDemo2 -->
