<?xml version="1.0" encoding="UTF-8"?>
<!-- Generated by org.testng.reporters.JUnitReportReporter -->
<testsuite hostname="DESKTOP-4GR1QTA" failures="0" tests="1" name="RestAssuredScripts.PayLoadJSON" time="4.805" errors="0" timestamp="2023-12-15T12:43:36 IST" skipped="0">
  <testcase classname="RestAssuredScripts.PayLoadJSON" name="PostUsingJSON" time="4.805"/>
  <system-out/>
</testsuite> <!-- RestAssuredScripts.PayLoadJSON -->
