<?xml version="1.0" encoding="UTF-8"?>
<!-- Generated by org.testng.reporters.JUnitReportReporter -->
<testsuite hostname="DESKTOP-4GR1QTA" failures="0" tests="1" name="RestAssuredScripts.Script02GetMethod" time="2.094" errors="0" timestamp="2023-12-15T10:53:52 IST" skipped="0">
  <testcase classname="RestAssuredScripts.Script02GetMethod" name="httpGetMethod" time="2.094"/>
  <system-out/>
</testsuite> <!-- RestAssuredScripts.Script02GetMethod -->
