<?xml version="1.0" encoding="UTF-8"?>
<!-- Generated by org.testng.reporters.JUnitReportReporter -->
<testsuite hostname="DESKTOP-4GR1QTA" failures="0" tests="1" name="RestAssuredScripts.LoginMethod" time="3.047" errors="0" timestamp="2023-12-19T09:32:33 IST" skipped="0">
  <testcase classname="RestAssuredScripts.LoginMethod" name="LoggingRestAssured" time="3.047"/>
  <system-out/>
</testsuite> <!-- RestAssuredScripts.LoginMethod -->
