<?xml version="1.0" encoding="UTF-8"?>
<!-- Generated by org.testng.reporters.JUnitReportReporter -->
<testsuite hostname="DESKTOP-4GR1QTA" failures="0" tests="3" name="RestAssuredScripts.Script006PostmanAPIKey" time="9.187" errors="0" timestamp="2023-12-18T17:53:04 IST" skipped="0">
  <testcase classname="RestAssuredScripts.Script006PostmanAPIKey" name="postmangetReq" time="4.290"/>
  <system-out/>
  <testcase classname="RestAssuredScripts.Script006PostmanAPIKey" name="extract_value_response" time="3.022"/>
  <system-out/>
  <testcase classname="RestAssuredScripts.Script006PostmanAPIKey" name="extract_response_JSONPath" time="1.875"/>
  <system-out/>
</testsuite> <!-- RestAssuredScripts.Script006PostmanAPIKey -->
