<?xml version="1.0" encoding="UTF-8"?>
<!-- Generated by org.testng.reporters.JUnitReportReporter -->
<testsuite hostname="DESKTOP-4GR1QTA" failures="0" tests="1" name="RestAssuredScripts.Script01Setupcheck" time="2.074" errors="0" timestamp="2023-12-15T10:38:01 IST" skipped="0">
  <testcase classname="RestAssuredScripts.Script01Setupcheck" name="SetupCheck" time="2.074"/>
  <system-out/>
</testsuite> <!-- RestAssuredScripts.Script01Setupcheck -->
