<?xml version="1.0" encoding="UTF-8"?>
<!-- Generated by org.testng.reporters.JUnitReportReporter -->
<testsuite hostname="DESKTOP-4GR1QTA" failures="0" tests="1" name="SLProject.GETDemo" time="5.074" errors="0" timestamp="2023-12-19T15:01:36 IST" skipped="0">
  <testcase classname="SLProject.GETDemo" name="getServerResponse" time="5.074"/>
  <system-out/>
</testsuite> <!-- SLProject.GETDemo -->
