<?xml version="1.0" encoding="UTF-8"?>
<!-- Generated by org.testng.reporters.JUnitReportReporter -->
<testsuite hostname="DESKTOP-4GR1QTA" failures="0" tests="1" name="RestAssuredScripts.Script03GetMethod" time="3.099" errors="0" timestamp="2023-12-15T11:39:32 IST" skipped="0">
  <testcase classname="RestAssuredScripts.Script03GetMethod" name="GetMethodBDDStyle" time="3.099"/>
  <system-out/>
</testsuite> <!-- RestAssuredScripts.Script03GetMethod -->
