<?xml version="1.0" encoding="UTF-8"?>
<!-- Generated by org.testng.reporters.JUnitReportReporter -->
<testsuite hostname="DESKTOP-4GR1QTA" failures="0" tests="1" name="RestAssuredScripts.Script04PostMethod" time="4.044" errors="0" timestamp="2023-12-15T12:07:42 IST" skipped="0">
  <testcase classname="RestAssuredScripts.Script04PostMethod" name="postMethod" time="4.044"/>
  <system-out/>
</testsuite> <!-- RestAssuredScripts.Script04PostMethod -->
