<?xml version="1.0" encoding="UTF-8"?>
<!-- Generated by org.testng.reporters.JUnitReportReporter -->
<testsuite hostname="DESKTOP-4GR1QTA" failures="0" tests="3" name="courseEndProject.AssignmentDemo1" time="8.669" errors="0" timestamp="2023-12-19T15:12:45 IST" skipped="0">
  <testcase classname="courseEndProject.AssignmentDemo1" name="Assignment001Post" time="5.251"/>
  <system-out/>
  <testcase classname="courseEndProject.AssignmentDemo1" name="assignment001Get" time="1.682"/>
  <system-out/>
  <testcase classname="courseEndProject.AssignmentDemo1" name="assignment001Delete" time="1.736"/>
  <system-out/>
</testsuite> <!-- courseEndProject.AssignmentDemo1 -->
