<?xml version="1.0" encoding="UTF-8"?>
<!-- Generated by org.testng.reporters.JUnitReportReporter -->
<testsuite hostname="DESKTOP-4GR1QTA" failures="0" tests="1" name="SLProject.DeleteDemo" time="4.729" errors="0" timestamp="2023-12-19T15:07:02 IST" skipped="0">
  <testcase classname="SLProject.DeleteDemo" name="deleteResource" time="4.729"/>
  <system-out/>
</testsuite> <!-- SLProject.DeleteDemo -->
