<?xml version="1.0" encoding="UTF-8"?>
<!-- Generated by org.testng.reporters.JUnitReportReporter -->
<testsuite hostname="DESKTOP-4GR1QTA" failures="0" tests="1" name="courseEndProject.Log4jDemo" time="0.015" errors="0" timestamp="2023-12-19T13:48:09 IST" skipped="0">
  <testcase classname="courseEndProject.Log4jDemo" name="method1" time="0.015"/>
  <system-out/>
</testsuite> <!-- courseEndProject.Log4jDemo -->
