<?xml version="1.0" encoding="UTF-8"?>
<!-- Generated by org.testng.reporters.JUnitReportReporter -->
<testsuite hostname="DESKTOP-4GR1QTA" failures="0" tests="1" name="RestAssuredScripts.PayloadXML" time="5.220" errors="0" timestamp="2023-12-18T09:05:05 IST" skipped="0">
  <testcase classname="RestAssuredScripts.PayloadXML" name="payloadXML" time="5.220"/>
  <system-out/>
</testsuite> <!-- RestAssuredScripts.PayloadXML -->
