<?xml version="1.0" encoding="UTF-8"?>
<!-- Generated by org.testng.reporters.JUnitReportReporter -->
<testsuite hostname="DESKTOP-4GR1QTA" failures="0" tests="2" name="RestAssuredScripts.PayPalOauth2" time="5.606" errors="0" timestamp="2023-12-18T18:12:03 IST" skipped="0">
  <testcase classname="RestAssuredScripts.PayPalOauth2" name="GetAccessToken" time="4.720"/>
  <system-out/>
  <testcase classname="RestAssuredScripts.PayPalOauth2" name="paypalTestInvoiceAPI" time="0.886"/>
  <system-out/>
</testsuite> <!-- RestAssuredScripts.PayPalOauth2 -->
